<?xml version="1.0" encoding="UTF-8"?>
<!-- Generated by org.testng.reporters.JUnitReportReporter -->
<testsuite hostname="LATHEEFs-MacBook-Air.local" failures="0" tests="4" name="TestCases.Attributes" time="55.294" errors="0" timestamp="2025-08-15T19:45:26 IST" skipped="1">
  <testcase classname="TestCases.Attributes" name="FlipkartTest" time="36.168"/>
  <testcase classname="TestCases.Attributes" name="GoogleTest" time="11.923"/>
  <testcase classname="TestCases.Attributes" name="MercuryTest" time="7.203"/>
  <testcase classname="TestCases.Attributes" name="AmazonTest">
    <skipped/>
  </testcase> <!-- AmazonTest -->
</testsuite> <!-- TestCases.Attributes -->
