<?xml version="1.0" encoding="UTF-8"?>
<!-- Generated by org.testng.reporters.JUnitReportReporter -->
<testsuite hostname="LATHEEFs-MacBook-Air.local" failures="0" tests="1" name="TestCases.Sample_Test" time="0.022" errors="0" timestamp="2025-08-15T19:12:04 IST" skipped="0">
  <testcase classname="TestCases.Sample_Test" name="TestMethod" time="0.022"/>
</testsuite> <!-- TestCases.Sample_Test -->
